<?xml version="1.0" encoding="UTF-8"?>
<testng-results ignored="0" total="1" passed="0" failed="1" skipped="0">
  <reporter-output>
  </reporter-output>
  <suite started-at="2022-05-31T08:54:08 IST" name="Suite" finished-at="2022-05-31T08:54:58 IST" duration-ms="49966">
    <groups>
    </groups>
    <test started-at="2022-05-31T08:54:08 IST" name="EdgeTest" finished-at="2022-05-31T08:54:58 IST" duration-ms="49966">
      <class name="pack04.testNgOfFlipkart">
        <test-method is-config="true" signature="launchTheBrowser(java.lang.String)[pri:0, instance:pack04.testNgOfFlipkart@c267ef4]" started-at="2022-05-31T08:54:08 IST" name="launchTheBrowser" finished-at="2022-05-31T08:54:19 IST" duration-ms="11211" status="PASS">
          <params>
            <param index="0">
              <value>
                <![CDATA[Edge]]>
              </value>
            </param>
          </params>
          <reporter-output>
          </reporter-output>
        </test-method> <!-- launchTheBrowser -->
        <test-method is-config="true" signature="createPOMobject()[pri:0, instance:pack04.testNgOfFlipkart@c267ef4]" started-at="2022-05-31T08:54:19 IST" name="createPOMobject" finished-at="2022-05-31T08:54:19 IST" duration-ms="116" status="PASS">
          <reporter-output>
          </reporter-output>
        </test-method> <!-- createPOMobject -->
        <test-method is-config="true" signature="logintoApplication()[pri:0, instance:pack04.testNgOfFlipkart@c267ef4]" started-at="2022-05-31T08:54:19 IST" name="logintoApplication" finished-at="2022-05-31T08:54:45 IST" duration-ms="25779" status="PASS">
          <reporter-output>
          </reporter-output>
        </test-method> <!-- logintoApplication -->
        <test-method signature="verifyTheGloceryTab()[pri:0, instance:pack04.testNgOfFlipkart@c267ef4]" started-at="2022-05-31T08:54:45 IST" name="verifyTheGloceryTab" finished-at="2022-05-31T08:54:48 IST" duration-ms="2561" status="FAIL">
          <exception class="java.lang.AssertionError">
            <message>
              <![CDATA[expected [https://www.flipkart.com/grocery-supermart-store?marketplace=GROCERY&fm=neo%2Fmerchandising&iid=M_c3cb9595-8c27-4741-9c72-c2716808e832_2_372UD5BXDFYS_MC.CBUR1Q46W5F1&otracker=hp_rich_navigation_2_2.navigationCard.RICH_NAVIGATION_Grocery_CBUR1Q46W5F1&otracker1=hp_rich_navigation_PINNED_neo%2Fmerchandising_NA_NAV_EXPANDABLE_navigationCard_cc_2_L0_view-all&cid=CBUR1Q46W5F1] but found [//www.flipkart.com/grocery-supermart-store?marketplace=GROCERY&fm=neo%2Fmerchandising&iid=M_92bc90ec-4de0-4613-842b-806678fefa01_1_372UD5BXDFYS_MC.CBUR1Q46W5F1&otracker=hp_rich_navigation_2_1.navigationCard.RICH_NAVIGATION_Grocery_CBUR1Q46W5F1&otracker1=hp_rich_navigation_PINNED_neo%2Fmerchandising_NA_NAV_EXPANDABLE_navigationCard_cc_2_L0_view-all&cid=CBUR1Q46W5F1]]]>
            </message>
            <full-stacktrace>
              <![CDATA[java.lang.AssertionError: expected [https://www.flipkart.com/grocery-supermart-store?marketplace=GROCERY&fm=neo%2Fmerchandising&iid=M_c3cb9595-8c27-4741-9c72-c2716808e832_2_372UD5BXDFYS_MC.CBUR1Q46W5F1&otracker=hp_rich_navigation_2_2.navigationCard.RICH_NAVIGATION_Grocery_CBUR1Q46W5F1&otracker1=hp_rich_navigation_PINNED_neo%2Fmerchandising_NA_NAV_EXPANDABLE_navigationCard_cc_2_L0_view-all&cid=CBUR1Q46W5F1] but found [//www.flipkart.com/grocery-supermart-store?marketplace=GROCERY&fm=neo%2Fmerchandising&iid=M_92bc90ec-4de0-4613-842b-806678fefa01_1_372UD5BXDFYS_MC.CBUR1Q46W5F1&otracker=hp_rich_navigation_2_1.navigationCard.RICH_NAVIGATION_Grocery_CBUR1Q46W5F1&otracker1=hp_rich_navigation_PINNED_neo%2Fmerchandising_NA_NAV_EXPANDABLE_navigationCard_cc_2_L0_view-all&cid=CBUR1Q46W5F1]
at org.testng.Assert.fail(Assert.java:99)
at org.testng.Assert.failNotEquals(Assert.java:1037)
at org.testng.Assert.assertEqualsImpl(Assert.java:140)
at org.testng.Assert.assertEquals(Assert.java:122)
at org.testng.Assert.assertEquals(Assert.java:629)
at org.testng.Assert.assertEquals(Assert.java:639)
at pack04.testNgOfFlipkart.verifyTheGloceryTab(testNgOfFlipkart.java:85)
at java.base/jdk.internal.reflect.NativeMethodAccessorImpl.invoke0(Native Method)
at java.base/jdk.internal.reflect.NativeMethodAccessorImpl.invoke(NativeMethodAccessorImpl.java:77)
at java.base/jdk.internal.reflect.DelegatingMethodAccessorImpl.invoke(DelegatingMethodAccessorImpl.java:43)
at java.base/java.lang.reflect.Method.invoke(Method.java:568)
at org.testng.internal.MethodInvocationHelper.invokeMethod(MethodInvocationHelper.java:133)
at org.testng.internal.TestInvoker.invokeMethod(TestInvoker.java:598)
at org.testng.internal.TestInvoker.invokeTestMethod(TestInvoker.java:173)
at org.testng.internal.MethodRunner.runInSequence(MethodRunner.java:46)
at org.testng.internal.TestInvoker$MethodInvocationAgent.invoke(TestInvoker.java:824)
at org.testng.internal.TestInvoker.invokeTestMethods(TestInvoker.java:146)
at org.testng.internal.TestMethodWorker.invokeTestMethods(TestMethodWorker.java:146)
at org.testng.internal.TestMethodWorker.run(TestMethodWorker.java:128)
at java.base/java.util.concurrent.ThreadPoolExecutor.runWorker(ThreadPoolExecutor.java:1136)
at java.base/java.util.concurrent.ThreadPoolExecutor$Worker.run(ThreadPoolExecutor.java:635)
at java.base/java.lang.Thread.run(Thread.java:833)
]]>
            </full-stacktrace>
          </exception> <!-- java.lang.AssertionError -->
          <reporter-output>
          </reporter-output>
        </test-method> <!-- verifyTheGloceryTab -->
        <test-method is-config="true" signature="logoutfromApplication(org.testng.ITestResult)[pri:0, instance:pack04.testNgOfFlipkart@c267ef4]" started-at="2022-05-31T08:54:48 IST" name="logoutfromApplication" finished-at="2022-05-31T08:54:57 IST" duration-ms="9103" status="PASS">
          <params>
            <param index="0">
              <value>
                <![CDATA[[TestResult name=verifyTheGloceryTab status=FAILURE method=testNgOfFlipkart.verifyTheGloceryTab()[pri:0, instance:pack04.testNgOfFlipkart@c267ef4] output={null}]]]>
              </value>
            </param>
          </params>
          <reporter-output>
          </reporter-output>
        </test-method> <!-- logoutfromApplication -->
        <test-method is-config="true" signature="clearobject()[pri:0, instance:pack04.testNgOfFlipkart@c267ef4]" started-at="2022-05-31T08:54:57 IST" name="clearobject" finished-at="2022-05-31T08:54:57 IST" duration-ms="1" status="PASS">
          <reporter-output>
          </reporter-output>
        </test-method> <!-- clearobject -->
        <test-method is-config="true" signature="closeBrowser()[pri:0, instance:pack04.testNgOfFlipkart@c267ef4]" started-at="2022-05-31T08:54:57 IST" name="closeBrowser" finished-at="2022-05-31T08:54:58 IST" duration-ms="1059" status="PASS">
          <reporter-output>
          </reporter-output>
        </test-method> <!-- closeBrowser -->
      </class> <!-- pack04.testNgOfFlipkart -->
    </test> <!-- EdgeTest -->
  </suite> <!-- Suite -->
</testng-results>
